<?xml version="1.0" encoding="UTF-8"?>
<!-- Generated by org.testng.reporters.JUnitXMLReporter -->
<testsuite ignored="1" hostname="浪里个浪" failures="0" tests="7" name="examplel" time="8.134" errors="0" timestamp="20 9月 2022 03:20:09 GMT">
  <testcase classname="com.hxk.online.course.DoneUpload" name="doneUpload" time="2.877"/>
  <testcase classname="com.hxk.online.course.VideoList" name="index" time="0.734"/>
  <testcase classname="com.hxk.online.TestDemo" name="test1" time="0.008"/>
  <testcase classname="com.hxk.online.sale.Nchannel_list" name="nchannel_list" time="1.119"/>
  <testcase classname="com.hxk.online.TestDemo2" name="test1" time="0.0"/>
  <testcase classname="com.hxk.online.Index" name="index" time="1.143"/>
  <testcase classname="com.hxk.online.course.VideoDel" name="videoDel" time="2.224"/>
  <testcase classname="com.hxk.online.CourseRecord404" name="wo404" time="0.0">
    <ignored/>
  </testcase> <!-- wo404 -->
</testsuite> <!-- examplel -->
