<?xml version="1.0" encoding="UTF-8"?>
<!-- Generated by org.testng.reporters.JUnitXMLReporter -->
<testsuite hostname="浪里个浪" ignored="1" name="examplel" tests="3" failures="0" timestamp="14 九月 2022 08:57:33 GMT" time="0.874" errors="0">
  <testcase name="index" time="0.854" classname="com.hxk.online.Index"/>
  <testcase name="test1" time="0.001" classname="com.hxk.online.TestDemo"/>
  <testcase name="test1" time="0.0" classname="com.hxk.online.TestDemo2"/>
  <testcase name="wo404" time="0.0" classname="com.hxk.online.CourseRecord404">
    <ignored/>
  </testcase> <!-- wo404 -->
</testsuite> <!-- examplel -->
