<?xml version="1.0" encoding="UTF-8"?>
<testng-results skipped="0" failed="0" ignored="0" total="1" passed="1">
  <reporter-output>
  </reporter-output>
  <suite name="test-parameter" duration-ms="34" started-at="2022-09-14T08:25:12Z" finished-at="2022-09-14T08:25:12Z">
    <groups>
    </groups>
    <test name="examplel" duration-ms="34" started-at="2022-09-14T08:25:12Z" finished-at="2022-09-14T08:25:12Z">
      <class name="com.hxk.online.TestDemo">
        <test-method status="PASS" signature="test1()[pri:0, instance:com.hxk.online.TestDemo@402f32ff]" name="test1" duration-ms="16" started-at="2022-09-14T16:25:12Z" finished-at="2022-09-14T16:25:12Z">
          <reporter-output>
          </reporter-output>
        </test-method> <!-- test1 -->
      </class> <!-- com.hxk.online.TestDemo -->
    </test> <!-- examplel -->
  </suite> <!-- test-parameter -->
</testng-results>
